# JRE version: Java(TM) SE Runtime Environment (8.0_202-b08) (build 1.8.0_202-b08)
# Java VM: Java HotSpot(TM) 64-Bit Server VM (25.202-b08 mixed mode windows-amd64 compressed oops)
Heap:
 PSYoungGen      total 71680K, used 7552K [0x00000000ebb00000, 0x00000000f4700000, 0x0000000100000000)
  eden space 63488K, 11% used [0x00000000ebb00000,0x00000000ec248180,0x00000000ef900000)
  from space 8192K, 1% used [0x00000000ef900000,0x00000000ef918000,0x00000000f0100000)
  to   space 8192K, 0% used [0x00000000f3f00000,0x00000000f3f00000,0x00000000f4700000)
 ParOldGen       total 42496K, used 9224K [0x00000000c3000000, 0x00000000c5980000, 0x00000000ebb00000)
  object space 42496K, 21% used [0x00000000c3000000,0x00000000c3902338,0x00000000c5980000)
 Metaspace       used 14458K, capacity 14774K, committed 15104K, reserved 1062912K
  class space    used 1888K, capacity 1975K, committed 2048K, reserved 1048576K
GC Heap History (10 events):
Event: 22.649 GC heap before
{Heap before GC invocations=3 (full 0):
 PSYoungGen      total 18432K, used 18426K [0x00000000ebb00000, 0x00000000edf00000, 0x0000000100000000)
  eden space 15872K, 100% used [0x00000000ebb00000,0x00000000eca80000,0x00000000eca80000)
  from space 2560K, 99% used [0x00000000ecd00000,0x00000000ecf7ebb0,0x00000000ecf80000)
  to   space 2560K, 0% used [0x00000000eca80000,0x00000000eca80000,0x00000000ecd00000)
 ParOldGen       total 42496K, used 6653K [0x00000000c3000000, 0x00000000c5980000, 0x00000000ebb00000)
  object space 42496K, 15% used [0x00000000c3000000,0x00000000c367f4b8,0x00000000c5980000)
 Metaspace       used 14419K, capacity 14710K, committed 15104K, reserved 1062912K
  class space    used 1888K, capacity 1975K, committed 2048K, reserved 1048576K
Event: 22.653 GC heap after
Heap after GC invocations=3 (full 0):
 PSYoungGen      total 18432K, used 2538K [0x00000000ebb00000, 0x00000000edf00000, 0x0000000100000000)
  eden space 15872K, 0% used [0x00000000ebb00000,0x00000000ebb00000,0x00000000eca80000)
  from space 2560K, 99% used [0x00000000eca80000,0x00000000eccfaba0,0x00000000ecd00000)
  to   space 2560K, 0% used [0x00000000edc80000,0x00000000edc80000,0x00000000edf00000)
 ParOldGen       total 42496K, used 6717K [0x00000000c3000000, 0x00000000c5980000, 0x00000000ebb00000)
  object space 42496K, 15% used [0x00000000c3000000,0x00000000c368f4b8,0x00000000c5980000)
 Metaspace       used 14419K, capacity 14710K, committed 15104K, reserved 1062912K
  class space    used 1888K, capacity 1975K, committed 2048K, reserved 1048576K
}
Event: 22.832 GC heap before
{Heap before GC invocations=4 (full 0):
 PSYoungGen      total 18432K, used 18410K [0x00000000ebb00000, 0x00000000edf00000, 0x0000000100000000)
  eden space 15872K, 100% used [0x00000000ebb00000,0x00000000eca80000,0x00000000eca80000)
  from space 2560K, 99% used [0x00000000eca80000,0x00000000eccfaba0,0x00000000ecd00000)
  to   space 2560K, 0% used [0x00000000edc80000,0x00000000edc80000,0x00000000edf00000)
 ParOldGen       total 42496K, used 6717K [0x00000000c3000000, 0x00000000c5980000, 0x00000000ebb00000)
  object space 42496K, 15% used [0x00000000c3000000,0x00000000c368f4b8,0x00000000c5980000)
 Metaspace       used 14422K, capacity 14710K, committed 15104K, reserved 1062912K
  class space    used 1888K, capacity 1975K, committed 2048K, reserved 1048576K
Event: 22.839 GC heap after
Heap after GC invocations=4 (full 0):
 PSYoungGen      total 34304K, used 2554K [0x00000000ebb00000, 0x00000000edf00000, 0x0000000100000000)
  eden space 31744K, 0% used [0x00000000ebb00000,0x00000000ebb00000,0x00000000eda00000)
  from space 2560K, 99% used [0x00000000edc80000,0x00000000edefebb0,0x00000000edf00000)
  to   space 2560K, 0% used [0x00000000eda00000,0x00000000eda00000,0x00000000edc80000)
 ParOldGen       total 42496K, used 6725K [0x00000000c3000000, 0x00000000c5980000, 0x00000000ebb00000)
  object space 42496K, 15% used [0x00000000c3000000,0x00000000c36914b8,0x00000000c5980000)
 Metaspace       used 14422K, capacity 14710K, committed 15104K, reserved 1062912K
  class space    used 1888K, capacity 1975K, committed 2048K, reserved 1048576K
}
Event: 23.196 GC heap before
{Heap before GC invocations=5 (full 0):
 PSYoungGen      total 34304K, used 34298K [0x00000000ebb00000, 0x00000000edf00000, 0x0000000100000000)
  eden space 31744K, 100% used [0x00000000ebb00000,0x00000000eda00000,0x00000000eda00000)
  from space 2560K, 99% used [0x00000000edc80000,0x00000000edefebb0,0x00000000edf00000)
  to   space 2560K, 0% used [0x00000000eda00000,0x00000000eda00000,0x00000000edc80000)
 ParOldGen       total 42496K, used 6725K [0x00000000c3000000, 0x00000000c5980000, 0x00000000ebb00000)
  object space 42496K, 15% used [0x00000000c3000000,0x00000000c36914b8,0x00000000c5980000)
 Metaspace       used 14424K, capacity 14710K, committed 15104K, reserved 1062912K
  class space    used 1888K, capacity 1975K, committed 2048K, reserved 1048576K
Event: 23.201 GC heap after
Heap after GC invocations=5 (full 0):
 PSYoungGen      total 34304K, used 2554K [0x00000000ebb00000, 0x00000000f0a00000, 0x0000000100000000)
  eden space 31744K, 0% used [0x00000000ebb00000,0x00000000ebb00000,0x00000000eda00000)
  from space 2560K, 99% used [0x00000000eda00000,0x00000000edc7ebb0,0x00000000edc80000)
  to   space 8704K, 0% used [0x00000000f0180000,0x00000000f0180000,0x00000000f0a00000)
 ParOldGen       total 42496K, used 6733K [0x00000000c3000000, 0x00000000c5980000, 0x00000000ebb00000)
  object space 42496K, 15% used [0x00000000c3000000,0x00000000c36934b8,0x00000000c5980000)
 Metaspace       used 14424K, capacity 14710K, committed 15104K, reserved 1062912K
  class space    used 1888K, capacity 1975K, committed 2048K, reserved 1048576K
}
Event: 23.558 GC heap before
{Heap before GC invocations=6 (full 0):
 PSYoungGen      total 34304K, used 34298K [0x00000000ebb00000, 0x00000000f0a00000, 0x0000000100000000)
  eden space 31744K, 100% used [0x00000000ebb00000,0x00000000eda00000,0x00000000eda00000)
  from space 2560K, 99% used [0x00000000eda00000,0x00000000edc7ebb0,0x00000000edc80000)
  to   space 8704K, 0% used [0x00000000f0180000,0x00000000f0180000,0x00000000f0a00000)
 ParOldGen       total 42496K, used 6733K [0x00000000c3000000, 0x00000000c5980000, 0x00000000ebb00000)
  object space 42496K, 15% used [0x00000000c3000000,0x00000000c36934b8,0x00000000c5980000)
 Metaspace       used 14450K, capacity 14774K, committed 15104K, reserved 1062912K
  class space    used 1888K, capacity 1975K, committed 2048K, reserved 1048576K
Event: 23.563 GC heap after
Heap after GC invocations=6 (full 0):
 PSYoungGen      total 71168K, used 2554K [0x00000000ebb00000, 0x00000000f0900000, 0x0000000100000000)
  eden space 63488K, 0% used [0x00000000ebb00000,0x00000000ebb00000,0x00000000ef900000)
  from space 7680K, 33% used [0x00000000f0180000,0x00000000f03febb0,0x00000000f0900000)
  to   space 8192K, 0% used [0x00000000ef900000,0x00000000ef900000,0x00000000f0100000)
 ParOldGen       total 42496K, used 6733K [0x00000000c3000000, 0x00000000c5980000, 0x00000000ebb00000)
  object space 42496K, 15% used [0x00000000c3000000,0x00000000c36934b8,0x00000000c5980000)
 Metaspace       used 14450K, capacity 14774K, committed 15104K, reserved 1062912K
  class space    used 1888K, capacity 1975K, committed 2048K, reserved 1048576K
}
Event: 24.365 GC heap before
{Heap before GC invocations=7 (full 0):
 PSYoungGen      total 71168K, used 66042K [0x00000000ebb00000, 0x00000000f0900000, 0x0000000100000000)
  eden space 63488K, 100% used [0x00000000ebb00000,0x00000000ef900000,0x00000000ef900000)
  from space 7680K, 33% used [0x00000000f0180000,0x00000000f03febb0,0x00000000f0900000)
  to   space 8192K, 0% used [0x00000000ef900000,0x00000000ef900000,0x00000000f0100000)
 ParOldGen       total 42496K, used 6733K [0x00000000c3000000, 0x00000000c5980000, 0x00000000ebb00000)
  object space 42496K, 15% used [0x00000000c3000000,0x00000000c36934b8,0x00000000c5980000)
 Metaspace       used 14458K, capacity 14774K, committed 15104K, reserved 1062912K
  class space    used 1888K, capacity 1975K, committed 2048K, reserved 1048576K
Event: 24.371 GC heap after
Heap after GC invocations=7 (full 0):
 PSYoungGen      total 71680K, used 96K [0x00000000ebb00000, 0x00000000f4700000, 0x0000000100000000)
  eden space 63488K, 0% used [0x00000000ebb00000,0x00000000ebb00000,0x00000000ef900000)
  from space 8192K, 1% used [0x00000000ef900000,0x00000000ef918000,0x00000000f0100000)
  to   space 8192K, 0% used [0x00000000f3f00000,0x00000000f3f00000,0x00000000f4700000)
 ParOldGen       total 42496K, used 9224K [0x00000000c3000000, 0x00000000c5980000, 0x00000000ebb00000)
  object space 42496K, 21% used [0x00000000c3000000,0x00000000c3902338,0x00000000c5980000)
 Metaspace       used 14458K, capacity 14774K, committed 15104K, reserved 1062912K
  class space    used 1888K, capacity 1975K, committed 2048K, reserved 1048576K
}

