# JRE version: Java(TM) SE Runtime Environment (8.0_162-b12) (build 1.8.0_162-b12)
# Java VM: Java HotSpot(TM) 64-Bit Server VM (25.162-b12 mixed mode windows-amd64 compressed oops)
Heap:
 PSYoungGen      total 232960K, used 118131K [0x00000000eab00000, 0x0000000100000000, 0x0000000100000000)
  eden space 116736K, 73% used [0x00000000eab00000,0x00000000eff056c0,0x00000000f1d00000)
  from space 116224K, 27% used [0x00000000f1d00000,0x00000000f3c578a8,0x00000000f8e80000)
  to   space 116224K, 0% used [0x00000000f8e80000,0x00000000f8e80000,0x0000000100000000)
 ParOldGen       total 699392K, used 335188K [0x00000000c0000000, 0x00000000eab00000, 0x00000000eab00000)
  object space 699392K, 47% used [0x00000000c0000000,0x00000000d4755158,0x00000000eab00000)
 Metaspace       used 33936K, capacity 35239K, committed 35456K, reserved 1079296K
  class space    used 5619K, capacity 5956K, committed 6016K, reserved 1048576K
GC Heap History (10 events):
Event: 562.328 GC heap before
{Heap before GC invocations=50 (full 8):
 PSYoungGen      total 147968K, used 147740K [0x00000000eab00000, 0x00000000ffd00000, 0x0000000100000000)
  eden space 116736K, 100% used [0x00000000eab00000,0x00000000f1d00000,0x00000000f1d00000)
  from space 31232K, 99% used [0x00000000f1d00000,0x00000000f3b47070,0x00000000f3b80000)
  to   space 114688K, 0% used [0x00000000f8d00000,0x00000000f8d00000,0x00000000ffd00000)
 ParOldGen       total 699392K, used 564896K [0x00000000c0000000, 0x00000000eab00000, 0x00000000eab00000)
  object space 699392K, 80% used [0x00000000c0000000,0x00000000e27a80b8,0x00000000eab00000)
 Metaspace       used 33900K, capacity 35175K, committed 35456K, reserved 1079296K
  class space    used 5619K, capacity 5956K, committed 6016K, reserved 1048576K
Event: 562.366 GC heap after
Heap after GC invocations=50 (full 8):
 PSYoungGen      total 233472K, used 62604K [0x00000000eab00000, 0x0000000100000000, 0x0000000100000000)
  eden space 118784K, 0% used [0x00000000eab00000,0x00000000eab00000,0x00000000f1f00000)
  from space 114688K, 54% used [0x00000000f8d00000,0x00000000fca232d8,0x00000000ffd00000)
  to   space 112640K, 0% used [0x00000000f1f00000,0x00000000f1f00000,0x00000000f8d00000)
 ParOldGen       total 699392K, used 564904K [0x00000000c0000000, 0x00000000eab00000, 0x00000000eab00000)
  object space 699392K, 80% used [0x00000000c0000000,0x00000000e27aa0b8,0x00000000eab00000)
 Metaspace       used 33900K, capacity 35175K, committed 35456K, reserved 1079296K
  class space    used 5619K, capacity 5956K, committed 6016K, reserved 1048576K
}
Event: 576.261 GC heap before
{Heap before GC invocations=51 (full 8):
 PSYoungGen      total 233472K, used 181388K [0x00000000eab00000, 0x0000000100000000, 0x0000000100000000)
  eden space 118784K, 100% used [0x00000000eab00000,0x00000000f1f00000,0x00000000f1f00000)
  from space 114688K, 54% used [0x00000000f8d00000,0x00000000fca232d8,0x00000000ffd00000)
  to   space 112640K, 0% used [0x00000000f1f00000,0x00000000f1f00000,0x00000000f8d00000)
 ParOldGen       total 699392K, used 564904K [0x00000000c0000000, 0x00000000eab00000, 0x00000000eab00000)
  object space 699392K, 80% used [0x00000000c0000000,0x00000000e27aa0b8,0x00000000eab00000)
 Metaspace       used 33928K, capacity 35175K, committed 35456K, reserved 1079296K
  class space    used 5619K, capacity 5956K, committed 6016K, reserved 1048576K
Event: 576.325 GC heap after
Heap after GC invocations=51 (full 8):
 PSYoungGen      total 231424K, used 95527K [0x00000000eab00000, 0x0000000100000000, 0x0000000100000000)
  eden space 118784K, 0% used [0x00000000eab00000,0x00000000eab00000,0x00000000f1f00000)
  from space 112640K, 84% used [0x00000000f1f00000,0x00000000f7c49f58,0x00000000f8d00000)
  to   space 116224K, 0% used [0x00000000f8e80000,0x00000000f8e80000,0x0000000100000000)
 ParOldGen       total 699392K, used 564912K [0x00000000c0000000, 0x00000000eab00000, 0x00000000eab00000)
  object space 699392K, 80% used [0x00000000c0000000,0x00000000e27ac0b8,0x00000000eab00000)
 Metaspace       used 33928K, capacity 35175K, committed 35456K, reserved 1079296K
  class space    used 5619K, capacity 5956K, committed 6016K, reserved 1048576K
}
Event: 596.877 GC heap before
{Heap before GC invocations=52 (full 8):
 PSYoungGen      total 231424K, used 214311K [0x00000000eab00000, 0x0000000100000000, 0x0000000100000000)
  eden space 118784K, 100% used [0x00000000eab00000,0x00000000f1f00000,0x00000000f1f00000)
  from space 112640K, 84% used [0x00000000f1f00000,0x00000000f7c49f58,0x00000000f8d00000)
  to   space 116224K, 0% used [0x00000000f8e80000,0x00000000f8e80000,0x0000000100000000)
 ParOldGen       total 699392K, used 564912K [0x00000000c0000000, 0x00000000eab00000, 0x00000000eab00000)
  object space 699392K, 80% used [0x00000000c0000000,0x00000000e27ac0b8,0x00000000eab00000)
 Metaspace       used 33928K, capacity 35175K, committed 35456K, reserved 1079296K
  class space    used 5619K, capacity 5956K, committed 6016K, reserved 1048576K
Event: 596.965 GC heap after
Heap after GC invocations=52 (full 8):
 PSYoungGen      total 232960K, used 65659K [0x00000000eab00000, 0x0000000100000000, 0x0000000100000000)
  eden space 116736K, 0% used [0x00000000eab00000,0x00000000eab00000,0x00000000f1d00000)
  from space 116224K, 56% used [0x00000000f8e80000,0x00000000fce9ee80,0x0000000100000000)
  to   space 116224K, 0% used [0x00000000f1d00000,0x00000000f1d00000,0x00000000f8e80000)
 ParOldGen       total 699392K, used 627418K [0x00000000c0000000, 0x00000000eab00000, 0x00000000eab00000)
  object space 699392K, 89% used [0x00000000c0000000,0x00000000e64b6a38,0x00000000eab00000)
 Metaspace       used 33928K, capacity 35175K, committed 35456K, reserved 1079296K
  class space    used 5619K, capacity 5956K, committed 6016K, reserved 1048576K
}
Event: 596.965 GC heap before
{Heap before GC invocations=53 (full 9):
 PSYoungGen      total 232960K, used 65659K [0x00000000eab00000, 0x0000000100000000, 0x0000000100000000)
  eden space 116736K, 0% used [0x00000000eab00000,0x00000000eab00000,0x00000000f1d00000)
  from space 116224K, 56% used [0x00000000f8e80000,0x00000000fce9ee80,0x0000000100000000)
  to   space 116224K, 0% used [0x00000000f1d00000,0x00000000f1d00000,0x00000000f8e80000)
 ParOldGen       total 699392K, used 627418K [0x00000000c0000000, 0x00000000eab00000, 0x00000000eab00000)
  object space 699392K, 89% used [0x00000000c0000000,0x00000000e64b6a38,0x00000000eab00000)
 Metaspace       used 33928K, capacity 35175K, committed 35456K, reserved 1079296K
  class space    used 5619K, capacity 5956K, committed 6016K, reserved 1048576K
Event: 597.908 GC heap after
Heap after GC invocations=53 (full 9):
 PSYoungGen      total 232960K, used 0K [0x00000000eab00000, 0x0000000100000000, 0x0000000100000000)
  eden space 116736K, 0% used [0x00000000eab00000,0x00000000eab00000,0x00000000f1d00000)
  from space 116224K, 0% used [0x00000000f8e80000,0x00000000f8e80000,0x0000000100000000)
  to   space 116224K, 0% used [0x00000000f1d00000,0x00000000f1d00000,0x00000000f8e80000)
 ParOldGen       total 699392K, used 335188K [0x00000000c0000000, 0x00000000eab00000, 0x00000000eab00000)
  object space 699392K, 47% used [0x00000000c0000000,0x00000000d4755158,0x00000000eab00000)
 Metaspace       used 33928K, capacity 35175K, committed 35456K, reserved 1079296K
  class space    used 5619K, capacity 5956K, committed 6016K, reserved 1048576K
}
Event: 618.630 GC heap before
{Heap before GC invocations=54 (full 9):
 PSYoungGen      total 232960K, used 116736K [0x00000000eab00000, 0x0000000100000000, 0x0000000100000000)
  eden space 116736K, 100% used [0x00000000eab00000,0x00000000f1d00000,0x00000000f1d00000)
  from space 116224K, 0% used [0x00000000f8e80000,0x00000000f8e80000,0x0000000100000000)
  to   space 116224K, 0% used [0x00000000f1d00000,0x00000000f1d00000,0x00000000f8e80000)
 ParOldGen       total 699392K, used 335188K [0x00000000c0000000, 0x00000000eab00000, 0x00000000eab00000)
  object space 699392K, 47% used [0x00000000c0000000,0x00000000d4755158,0x00000000eab00000)
 Metaspace       used 33928K, capacity 35175K, committed 35456K, reserved 1079296K
  class space    used 5619K, capacity 5956K, committed 6016K, reserved 1048576K
Event: 618.652 GC heap after
Heap after GC invocations=54 (full 9):
 PSYoungGen      total 232960K, used 32094K [0x00000000eab00000, 0x0000000100000000, 0x0000000100000000)
  eden space 116736K, 0% used [0x00000000eab00000,0x00000000eab00000,0x00000000f1d00000)
  from space 116224K, 27% used [0x00000000f1d00000,0x00000000f3c578a8,0x00000000f8e80000)
  to   space 116224K, 0% used [0x00000000f8e80000,0x00000000f8e80000,0x0000000100000000)
 ParOldGen       total 699392K, used 335188K [0x00000000c0000000, 0x00000000eab00000, 0x00000000eab00000)
  object space 699392K, 47% used [0x00000000c0000000,0x00000000d4755158,0x00000000eab00000)
 Metaspace       used 33928K, capacity 35175K, committed 35456K, reserved 1079296K
  class space    used 5619K, capacity 5956K, committed 6016K, reserved 1048576K
}

